c:\users\freuser\downloads\ping\pairtrading\pairtrading\debug\pairtrading.pch
c:\users\freuser\downloads\ping\pairtrading\pairtrading\debug\vc140.pdb
c:\users\freuser\downloads\ping\pairtrading\pairtrading\debug\vc140.idb
c:\users\freuser\downloads\ping\pairtrading\pairtrading\debug\stdafx.obj
c:\users\freuser\downloads\ping\pairtrading\pairtrading\debug\historybloomberg.obj
c:\users\freuser\downloads\ping\pairtrading\pairtrading\debug\pairpricestd.obj
c:\users\freuser\downloads\ping\pairtrading\pairtrading\debug\pairtrading.obj
c:\users\freuser\downloads\ping\pairtrading\pairtrading\debug\ticker.obj
c:\users\freuser\downloads\ping\pairtrading\pairtrading\debug\trade.obj
c:\users\freuser\downloads\ping\pairtrading\pairtrading\pairtrading\debug\pairtrading.pch
c:\users\freuser\downloads\ping\pairtrading\pairtrading\pairtrading\debug\vc140.pdb
c:\users\freuser\downloads\ping\pairtrading\pairtrading\pairtrading\debug\vc140.idb
c:\users\freuser\downloads\ping\pairtrading\pairtrading\pairtrading\debug\stdafx.obj
c:\users\freuser\downloads\ping\pairtrading\pairtrading\pairtrading\debug\pairpricestd.obj
c:\users\freuser\downloads\ping\pairtrading\pairtrading\pairtrading\debug\ticker.obj
c:\users\freuser\downloads\ping\pairtrading\pairtrading\pairtrading\debug\trade.obj
c:\users\freuser\downloads\ping\pairtrading\debug\pairtrading.ilk
c:\users\freuser\downloads\ping\pairtrading\debug\pairtrading.exe
c:\users\freuser\downloads\ping\pairtrading\debug\pairtrading.pdb
c:\users\freuser\downloads\ping\pairtrading\pairtrading\pairtrading\debug\msado15.tli
c:\users\freuser\downloads\ping\pairtrading\pairtrading\pairtrading\debug\msado15.tlh
c:\users\freuser\downloads\ping\pairtrading\pairtrading\debug\pairtrading.pdb
c:\users\freuser\downloads\ping\pairtrading\pairtrading\debug\pairtrading.exe
c:\users\freuser\downloads\ping\pairtrading\pairtrading\debug\pairtrading.ilk
c:\users\freuser\downloads\ping\pairtrading\pairtrading\pairtrading\debug\pairtrading.tlog\cl.command.1.tlog
c:\users\freuser\downloads\ping\pairtrading\pairtrading\pairtrading\debug\pairtrading.tlog\cl.read.1.tlog
c:\users\freuser\downloads\ping\pairtrading\pairtrading\pairtrading\debug\pairtrading.tlog\cl.write.1.tlog
c:\users\freuser\downloads\ping\pairtrading\pairtrading\pairtrading\debug\pairtrading.tlog\link.command.1.tlog
c:\users\freuser\downloads\ping\pairtrading\pairtrading\pairtrading\debug\pairtrading.tlog\link.read.1.tlog
c:\users\freuser\downloads\ping\pairtrading\pairtrading\pairtrading\debug\pairtrading.tlog\link.write.1.tlog
